Unity Editor version:    2021.3.18f1 (3129e69bc0c7)
Branch:                  2021.3/staging
Build type:              Release
Batch mode:              YES
macOS version:           Version 13.4.1 (c) (Build 22F770820d)
Darwin version:          22.5.0
Architecture:            arm64
Running under Rosetta:   NO
Available memory:        32768 MB
Using pre-set license
Pro License: YES

COMMAND LINE ARGUMENTS:
/Applications/Unity/Hub/Editor/2021.3.18f1/Unity.app/Contents/MacOS/Unity
-adb2
-batchMode
-noUpm
-name
AssetImportWorker0
-projectPath
/Users/ckemp/u/mygithub/vr_lighthouse/Lighthouse
-logFile
Logs/AssetImportWorker0.log
-srvPort
60578
Successfully changed project path to: /Users/ckemp/u/mygithub/vr_lighthouse/Lighthouse
/Users/ckemp/u/mygithub/vr_lighthouse/Lighthouse
[UnityMemory] Configuration Parameters - Can be set up in boot.config
    "memorysetup-bucket-allocator-granularity=16"
    "memorysetup-bucket-allocator-bucket-count=8"
    "memorysetup-bucket-allocator-block-size=33554432"
    "memorysetup-bucket-allocator-block-count=8"
    "memorysetup-main-allocator-block-size=16777216"
    "memorysetup-thread-allocator-block-size=16777216"
    "memorysetup-gfx-main-allocator-block-size=16777216"
    "memorysetup-gfx-thread-allocator-block-size=16777216"
    "memorysetup-cache-allocator-block-size=4194304"
    "memorysetup-typetree-allocator-block-size=2097152"
    "memorysetup-profiler-bucket-allocator-granularity=16"
    "memorysetup-profiler-bucket-allocator-bucket-count=8"
    "memorysetup-profiler-bucket-allocator-block-size=33554432"
    "memorysetup-profiler-bucket-allocator-block-count=8"
    "memorysetup-profiler-allocator-block-size=16777216"
    "memorysetup-profiler-editor-allocator-block-size=1048576"
    "memorysetup-temp-allocator-size-main=16777216"
    "memorysetup-job-temp-allocator-block-size=2097152"
    "memorysetup-job-temp-allocator-block-size-background=1048576"
    "memorysetup-job-temp-allocator-reduction-small-platforms=262144"
    "memorysetup-temp-allocator-size-background-worker=32768"
    "memorysetup-temp-allocator-size-job-worker=262144"
    "memorysetup-temp-allocator-size-preload-manager=33554432"
    "memorysetup-temp-allocator-size-nav-mesh-worker=65536"
    "memorysetup-temp-allocator-size-audio-worker=65536"
    "memorysetup-temp-allocator-size-cloud-worker=32768"
    "memorysetup-temp-allocator-size-gi-baking-worker=262144"
    "memorysetup-temp-allocator-size-gfx=262144"
Player connection [8172314112] Host "[IP] 10.4.63.16 [Port] 0 [Flags] 2 [Guid] 3383022732 [EditorId] 3383022732 [Version] 1048832 [Id] OSXEditor(0,5120L-215407-M) [Debug] 1 [PackageName] OSXEditor [ProjectName] Editor" joined multi-casting on [225.0.0.222:54997]...

Player connection [8172314112] Host "[IP] 10.4.63.16 [Port] 0 [Flags] 2 [Guid] 3383022732 [EditorId] 3383022732 [Version] 1048832 [Id] OSXEditor(0,5120L-215407-M) [Debug] 1 [PackageName] OSXEditor [ProjectName] Editor" joined alternative multi-casting on [225.0.0.222:34997]...

Refreshing native plugins compatible for Editor in 34.21 ms, found 3 plugins.
Preloading 1 native plugins for Editor in 3.86 ms.
Initialize engine version: 2021.3.18f1 (3129e69bc0c7)
[Subsystems] Discovering subsystems at path /Applications/Unity/Hub/Editor/2021.3.18f1/Unity.app/Contents/Resources/UnitySubsystems
[Subsystems] Discovering subsystems at path /Users/ckemp/u/mygithub/vr_lighthouse/Lighthouse/Assets
GfxDevice: creating device client; threaded=0; jobified=0
 preferred device: Apple M2 Pro (high power)
Metal devices available: 1
0: Apple M2 Pro (high power)
Using device Apple M2 Pro (high power)
Initializing Metal device caps: Apple M2 Pro
Initialize mono
Mono path[0] = '/Applications/Unity/Hub/Editor/2021.3.18f1/Unity.app/Contents/Managed'
Mono path[1] = '/Applications/Unity/Hub/Editor/2021.3.18f1/Unity.app/Contents/MonoBleedingEdge/lib/mono/unityjit-macos'
Mono config path = '/Applications/Unity/Hub/Editor/2021.3.18f1/Unity.app/Contents/MonoBleedingEdge/etc'
Using monoOptions --debugger-agent=transport=dt_socket,embedding=1,server=y,suspend=n,address=127.0.0.1:56115
Begin MonoManager ReloadAssembly
Registering precompiled unity dll's ...
Register platform support module: /Applications/Unity/Hub/Editor/2021.3.18f1/Unity.app/Contents/PlaybackEngines/MacStandaloneSupport/UnityEditor.OSXStandalone.Extensions.dll
Register platform support module: /Applications/Unity/Hub/Editor/2021.3.18f1/PlaybackEngines/AndroidPlayer/UnityEditor.Android.Extensions.dll
Registered in 0.000513 seconds.
Native extension for Android target not found
Android Extension - Scanning For ADB Devices 146 ms
Native extension for OSXStandalone target not found
Refreshing native plugins compatible for Editor in 26.76 ms, found 3 plugins.
Preloading 1 native plugins for Editor in 0.22 ms.
Mono: successfully reloaded assembly
- Completed reload, in  0.491 seconds
Domain Reload Profiling:
	ReloadAssembly (491ms)
		BeginReloadAssembly (28ms)
			ExecutionOrderSort (0ms)
			DisableScriptedObjects (0ms)
			BackupInstance (0ms)
			ReleaseScriptingObjects (0ms)
			CreateAndSetChildDomain (0ms)
		EndReloadAssembly (402ms)
			LoadAssemblies (27ms)
			RebuildTransferFunctionScriptingTraits (0ms)
			SetupTypeCache (62ms)
			ReleaseScriptCaches (0ms)
			RebuildScriptCaches (18ms)
			SetupLoadedEditorAssemblies (299ms)
				LogAssemblyErrors (0ms)
				InitializePlatformSupportModulesInManaged (209ms)
				SetLoadedEditorAssemblies (0ms)
				RefreshPlugins (27ms)
				BeforeProcessingInitializeOnLoad (1ms)
				ProcessInitializeOnLoadAttributes (42ms)
				ProcessInitializeOnLoadMethodAttributes (20ms)
				AfterProcessingInitializeOnLoad (0ms)
				EditorAssembliesLoaded (0ms)
			ExecutionOrderSort2 (0ms)
			AwakeInstancesAfterBackupRestoration (0ms)
Platform modules already initialized, skipping
Registering precompiled user dll's ...
Registered in 0.001071 seconds.
Begin MonoManager ReloadAssembly
Native extension for Android target not found
Native extension for OSXStandalone target not found
Refreshing native plugins compatible for Editor in 26.62 ms, found 3 plugins.
Preloading 1 native plugins for Editor in 0.23 ms.
Package Manager log level set to [2]
Mono: successfully reloaded assembly
- Completed reload, in  0.581 seconds
Domain Reload Profiling:
	ReloadAssembly (581ms)
		BeginReloadAssembly (51ms)
			ExecutionOrderSort (0ms)
			DisableScriptedObjects (3ms)
			BackupInstance (0ms)
			ReleaseScriptingObjects (0ms)
			CreateAndSetChildDomain (15ms)
		EndReloadAssembly (466ms)
			LoadAssemblies (40ms)
			RebuildTransferFunctionScriptingTraits (0ms)
			SetupTypeCache (136ms)
			ReleaseScriptCaches (0ms)
			RebuildScriptCaches (31ms)
			SetupLoadedEditorAssemblies (204ms)
				LogAssemblyErrors (0ms)
				InitializePlatformSupportModulesInManaged (8ms)
				SetLoadedEditorAssemblies (0ms)
				RefreshPlugins (27ms)
				BeforeProcessingInitializeOnLoad (35ms)
				ProcessInitializeOnLoadAttributes (125ms)
				ProcessInitializeOnLoadMethodAttributes (8ms)
				AfterProcessingInitializeOnLoad (1ms)
				EditorAssembliesLoaded (0ms)
			ExecutionOrderSort2 (0ms)
			AwakeInstancesAfterBackupRestoration (2ms)
Platform modules already initialized, skipping
========================================================================
Worker process is ready to serve import requests
Launching external process: /Applications/Unity/Hub/Editor/2021.3.18f1/Unity.app/Contents/Tools/UnityShaderCompiler
Launched and connected shader compiler UnityShaderCompiler after 0.05 seconds
Refreshing native plugins compatible for Editor in 0.34 ms, found 3 plugins.
Preloading 1 native plugins for Editor in 0.19 ms.
Unloading 2308 Unused Serialized files (Serialized files now loaded: 0)
Unloading 23 unused Assets / (195.2 KB). Loaded Objects now: 2794.
Memory consumption went from 106.0 MB to 105.9 MB.
Total: 2.373834 ms (FindLiveObjects: 0.082500 ms CreateObjectMapping: 0.033125 ms MarkObjects: 2.196166 ms  DeleteObjects: 0.061792 ms)

AssetImportParameters requested are different than current active one (requested -> active):
  custom:video-decoder-ogg-theora: a1e56fd34408186e4bbccfd4996cb3dc -> 
  custom:container-muxer-webm: aa71ff27fc2769a1b78a27578f13a17b -> 
  custom:container-demuxer-webm: 4f35f7cbe854078d1ac9338744f61a02 -> 
  custom:video-encoder-webm-vp8: eb34c28f22e8b96e1ab97ce403110664 -> 
  custom:framework-osx-AVFoundation: e770b220cccbd017edd2c1fefb359320 -> 
  custom:audio-encoder-webm-vorbis: bf7c407c2cedff20999df2af8eb42d56 -> 
  custom:container-demuxer-ogg: 62fdf1f143b41e24485cea50d1cbac27 -> 
  custom:video-decoder-webm-vp8: 9c59270c3fd7afecdb556c50c9e8de78 -> 
  custom:audio-decoder-ogg-vorbis: bf7c407c2cedff20999df2af8eb42d56 -> 
========================================================================
Received Import Request.
  Time since last request: 110389.892484 seconds.
  path: Assets/PhantomStaircaseButton.cs
  artifactKey: Guid(76bd7c9c4484642e6a1d1dd833367fdc) Importer(815301076,1909f56bfc062723c751e8b465ee728b)
Start importing Assets/PhantomStaircaseButton.cs using Guid(76bd7c9c4484642e6a1d1dd833367fdc) Importer(815301076,1909f56bfc062723c751e8b465ee728b)  -> (artifact id: '33ac060a4cb648e355a0380c2d7a3848') in 0.187699 seconds 
========================================================================
Received Import Request.
  Time since last request: 1.731363 seconds.
  path: Assets/InitPhantom.cs
  artifactKey: Guid(5f8150fa7ce1541ddb0b5aad9cb404fe) Importer(815301076,1909f56bfc062723c751e8b465ee728b)
Start importing Assets/InitPhantom.cs using Guid(5f8150fa7ce1541ddb0b5aad9cb404fe) Importer(815301076,1909f56bfc062723c751e8b465ee728b)  -> (artifact id: '0de4687a547ae22a8358b1f31e38d8a1') in 0.002935 seconds 
========================================================================
Received Import Request.
  Time since last request: 6.358882 seconds.
  path: Assets/BentBeam.unity
  artifactKey: Guid(391c8d64d0759420787a33bb5e08054b) Importer(815301076,1909f56bfc062723c751e8b465ee728b)
Start importing Assets/BentBeam.unity using Guid(391c8d64d0759420787a33bb5e08054b) Importer(815301076,1909f56bfc062723c751e8b465ee728b)  -> (artifact id: '4f2cebe0be046669294288802ab97ca5') in 0.002323 seconds 
========================================================================
Received Import Request.
  Time since last request: 1.209425 seconds.
  path: Assets/BentBeamDepth.unity
  artifactKey: Guid(61a4937801374408f81eea4a7771325a) Importer(815301076,1909f56bfc062723c751e8b465ee728b)
Start importing Assets/BentBeamDepth.unity using Guid(61a4937801374408f81eea4a7771325a) Importer(815301076,1909f56bfc062723c751e8b465ee728b)  -> (artifact id: 'b2df15fa5b13095098bea5dc82655462') in 0.002019 seconds 
========================================================================
Received Import Request.
  Time since last request: 107.036422 seconds.
  path: Assets/XRI/Settings/Resources/InteractionLayerSettings.asset
  artifactKey: Guid(521fe37c9a0ff4d20aadc878ef1413a9) Importer(815301076,1909f56bfc062723c751e8b465ee728b)
Start importing Assets/XRI/Settings/Resources/InteractionLayerSettings.asset using Guid(521fe37c9a0ff4d20aadc878ef1413a9) Importer(815301076,1909f56bfc062723c751e8b465ee728b)  -> (artifact id: 'a3a52a674b9a4bf985ea298136b9374d') in 0.521347 seconds 
========================================================================
Received Import Request.
  Time since last request: 1247.130859 seconds.
  path: Assets/Samples/XR Interaction Toolkit/2.2.0/Starter Assets/DemoScene.unity
  artifactKey: Guid(319dafa5c80f29f428dc1e0d03f04177) Importer(815301076,1909f56bfc062723c751e8b465ee728b)
Start importing Assets/Samples/XR Interaction Toolkit/2.2.0/Starter Assets/DemoScene.unity using Guid(319dafa5c80f29f428dc1e0d03f04177) Importer(815301076,1909f56bfc062723c751e8b465ee728b)  -> (artifact id: '63e53e805c48d0e51aec9f097ab1e9da') in 0.001491 seconds 
========================================================================
Received Import Request.
  Time since last request: 43.294632 seconds.
  path: Assets/RotateCylinder.cs
  artifactKey: Guid(41cd6d32095e646e4bd8eb2d0770bb25) Importer(2089858483,0ecaa5967403d082aa24f35e1b516d23)
Start importing Assets/RotateCylinder.cs using Guid(41cd6d32095e646e4bd8eb2d0770bb25) Importer(2089858483,0ecaa5967403d082aa24f35e1b516d23)  -> (artifact id: '1a2a0356fe680815110f06bb79028c48') in 0.061924 seconds 
========================================================================
Received Import Request.
  Time since last request: 0.000046 seconds.
  path: Assets/InitHorizontalTilt.cs
  artifactKey: Guid(f4f5240f517fe4480a371987a0395366) Importer(2089858483,0ecaa5967403d082aa24f35e1b516d23)
Start importing Assets/InitHorizontalTilt.cs using Guid(f4f5240f517fe4480a371987a0395366) Importer(2089858483,0ecaa5967403d082aa24f35e1b516d23)  -> (artifact id: '07217d16ffa94a9d5b20d32817a1af9e') in 0.002577 seconds 
========================================================================
Received Import Request.
  Time since last request: 0.000036 seconds.
  path: Assets/MainManager.cs
  artifactKey: Guid(98cf7a1525e264ec1a996e7887cc2758) Importer(2089858483,0ecaa5967403d082aa24f35e1b516d23)
Start importing Assets/MainManager.cs using Guid(98cf7a1525e264ec1a996e7887cc2758) Importer(2089858483,0ecaa5967403d082aa24f35e1b516d23)  -> (artifact id: '5716d5036cc6247c335fcc3dc53a0a0e') in 0.002052 seconds 
========================================================================
Received Import Request.
  Time since last request: 0.000036 seconds.
  path: Assets/SecondaryReactorAll.cs
  artifactKey: Guid(8667f6ba693444b9b9658e47905812a3) Importer(2089858483,0ecaa5967403d082aa24f35e1b516d23)
Start importing Assets/SecondaryReactorAll.cs using Guid(8667f6ba693444b9b9658e47905812a3) Importer(2089858483,0ecaa5967403d082aa24f35e1b516d23)  -> (artifact id: 'f18f0fb3110fb364727d59e00ee940ea') in 0.002311 seconds 
========================================================================
Received Import Request.
  Time since last request: 0.000027 seconds.
  path: Assets/PrimaryReactorAll.cs
  artifactKey: Guid(f20d31e99a2fc46eb920ab32c279b4aa) Importer(2089858483,0ecaa5967403d082aa24f35e1b516d23)
Start importing Assets/PrimaryReactorAll.cs using Guid(f20d31e99a2fc46eb920ab32c279b4aa) Importer(2089858483,0ecaa5967403d082aa24f35e1b516d23)  -> (artifact id: 'ca0944b67f996d928e72e5c40d13e181') in 0.002733 seconds 
========================================================================
Received Import Request.
  Time since last request: 0.000027 seconds.
  path: Assets/SceneManagerScript.cs
  artifactKey: Guid(ce5ea6ca49bd1414ebb394ec3d81cfc9) Importer(2089858483,0ecaa5967403d082aa24f35e1b516d23)
Start importing Assets/SceneManagerScript.cs using Guid(ce5ea6ca49bd1414ebb394ec3d81cfc9) Importer(2089858483,0ecaa5967403d082aa24f35e1b516d23)  -> (artifact id: '3f7036882658c00dff5d76842a21ab32') in 0.001728 seconds 
========================================================================
Received Import Request.
  Time since last request: 0.000037 seconds.
  path: Assets/StaircaseAdjust.cs
  artifactKey: Guid(b16913aaa676c484ba6fb507d235baba) Importer(2089858483,0ecaa5967403d082aa24f35e1b516d23)
Start importing Assets/StaircaseAdjust.cs using Guid(b16913aaa676c484ba6fb507d235baba) Importer(2089858483,0ecaa5967403d082aa24f35e1b516d23)  -> (artifact id: '89f0b798efaa8ac7ab026b8d711728ed') in 0.001930 seconds 
========================================================================
Received Import Request.
  Time since last request: 0.000027 seconds.
  path: Assets/Staircase.cs
  artifactKey: Guid(697265484c22d437dbd3b9ab80b097c8) Importer(2089858483,0ecaa5967403d082aa24f35e1b516d23)
Start importing Assets/Staircase.cs using Guid(697265484c22d437dbd3b9ab80b097c8) Importer(2089858483,0ecaa5967403d082aa24f35e1b516d23)  -> (artifact id: 'c4235aab601ec06bd5542d9e9c6cd518') in 0.002173 seconds 
========================================================================
Received Import Request.
  Time since last request: 0.000031 seconds.
  path: Assets/Instructions.unity
  artifactKey: Guid(3581d4988619a424dbf303a404e37707) Importer(2089858483,0ecaa5967403d082aa24f35e1b516d23)
Start importing Assets/Instructions.unity using Guid(3581d4988619a424dbf303a404e37707) Importer(2089858483,0ecaa5967403d082aa24f35e1b516d23)  -> (artifact id: '71113ce390509351c0ed1b03adc1002c') in 0.001841 seconds 
========================================================================
Received Import Request.
  Time since last request: 0.000025 seconds.
  path: Assets/AdjustDemo.unity
  artifactKey: Guid(e3206cc43fc694b65bd783c94b3ee0d4) Importer(2089858483,0ecaa5967403d082aa24f35e1b516d23)
Start importing Assets/AdjustDemo.unity using Guid(e3206cc43fc694b65bd783c94b3ee0d4) Importer(2089858483,0ecaa5967403d082aa24f35e1b516d23)  -> (artifact id: '1b5890eb319dbe8de2299e4c7f17e484') in 0.001170 seconds 
========================================================================
Received Import Request.
  Time since last request: 0.000037 seconds.
  path: Assets/ButtonHideFinal.cs
  artifactKey: Guid(2da9de1bde7f24f859eecce92c1c958a) Importer(2089858483,0ecaa5967403d082aa24f35e1b516d23)
Start importing Assets/ButtonHideFinal.cs using Guid(2da9de1bde7f24f859eecce92c1c958a) Importer(2089858483,0ecaa5967403d082aa24f35e1b516d23)  -> (artifact id: 'be4595c39901b60c2b12f247e9b419bf') in 0.002519 seconds 
========================================================================
Received Import Request.
  Time since last request: 0.000040 seconds.
  path: Assets/InitPhantom.cs
  artifactKey: Guid(5f8150fa7ce1541ddb0b5aad9cb404fe) Importer(2089858483,0ecaa5967403d082aa24f35e1b516d23)
Start importing Assets/InitPhantom.cs using Guid(5f8150fa7ce1541ddb0b5aad9cb404fe) Importer(2089858483,0ecaa5967403d082aa24f35e1b516d23)  -> (artifact id: '018c40a1a509e826841ac00c34e7a202') in 0.001940 seconds 
========================================================================
Received Import Request.
  Time since last request: 0.000026 seconds.
  path: Assets/ModifyInstructionText.cs
  artifactKey: Guid(b3aac08ee3af24dce933f142306b2d9b) Importer(2089858483,0ecaa5967403d082aa24f35e1b516d23)
Start importing Assets/ModifyInstructionText.cs using Guid(b3aac08ee3af24dce933f142306b2d9b) Importer(2089858483,0ecaa5967403d082aa24f35e1b516d23)  -> (artifact id: 'c152eef5d3f7f85b3228d7051f9079d5') in 0.003077 seconds 
========================================================================
Received Import Request.
  Time since last request: 0.000041 seconds.
  path: Assets/ButtonHideNoAdjust.cs
  artifactKey: Guid(69e30dc1feeb34723b5c3443dd86ae32) Importer(2089858483,0ecaa5967403d082aa24f35e1b516d23)
Start importing Assets/ButtonHideNoAdjust.cs using Guid(69e30dc1feeb34723b5c3443dd86ae32) Importer(2089858483,0ecaa5967403d082aa24f35e1b516d23)  -> (artifact id: 'c68c1f6cd220d7a0ec8862f7082ffc37') in 0.002267 seconds 
========================================================================
Received Import Request.
  Time since last request: 0.000034 seconds.
  path: Assets/ButtonHideAdjust.cs
  artifactKey: Guid(a14d25a480d964dfabfa115471494e99) Importer(2089858483,0ecaa5967403d082aa24f35e1b516d23)
Start importing Assets/ButtonHideAdjust.cs using Guid(a14d25a480d964dfabfa115471494e99) Importer(2089858483,0ecaa5967403d082aa24f35e1b516d23)  -> (artifact id: 'a0ac5f5ebbbcbb6959fb2b20dd30aa46') in 0.001966 seconds 
========================================================================
Received Import Request.
  Time since last request: 0.000032 seconds.
  path: Assets/Emissive.mat
  artifactKey: Guid(f58fadf336ef5407487d22674726b2fd) Importer(2089858483,0ecaa5967403d082aa24f35e1b516d23)
Start importing Assets/Emissive.mat using Guid(f58fadf336ef5407487d22674726b2fd) Importer(2089858483,0ecaa5967403d082aa24f35e1b516d23)  -> (artifact id: '25c2f31a7adfd854e0a43774140a03f2') in 0.048388 seconds 
========================================================================
Received Import Request.
  Time since last request: 0.000040 seconds.
  path: Assets/InitSpheres.cs
  artifactKey: Guid(97a422ee4e3cc48a0a9d1b5a5c86aa97) Importer(2089858483,0ecaa5967403d082aa24f35e1b516d23)
Start importing Assets/InitSpheres.cs using Guid(97a422ee4e3cc48a0a9d1b5a5c86aa97) Importer(2089858483,0ecaa5967403d082aa24f35e1b516d23)  -> (artifact id: 'c51c98a11228ea69a58f038be75efeb0') in 0.002499 seconds 
========================================================================
Received Import Request.
  Time since last request: 0.000036 seconds.
  path: Assets/PrimaryReactorSize.cs
  artifactKey: Guid(5d7faf341526e472a9bac0b11bd939f5) Importer(2089858483,0ecaa5967403d082aa24f35e1b516d23)
Start importing Assets/PrimaryReactorSize.cs using Guid(5d7faf341526e472a9bac0b11bd939f5) Importer(2089858483,0ecaa5967403d082aa24f35e1b516d23)  -> (artifact id: '1617fcf21698095c5f8d36fea378ec09') in 0.001847 seconds 
========================================================================
Received Import Request.
  Time since last request: 0.000033 seconds.
  path: Assets/BentBeamDepth.unity
  artifactKey: Guid(61a4937801374408f81eea4a7771325a) Importer(2089858483,0ecaa5967403d082aa24f35e1b516d23)
Start importing Assets/BentBeamDepth.unity using Guid(61a4937801374408f81eea4a7771325a) Importer(2089858483,0ecaa5967403d082aa24f35e1b516d23)  -> (artifact id: 'ba07b1ad941baa40b4f3e6cb6d553fbf') in 0.001989 seconds 
========================================================================
Received Import Request.
  Time since last request: 0.000036 seconds.
  path: Assets/BentBeam.unity
  artifactKey: Guid(391c8d64d0759420787a33bb5e08054b) Importer(2089858483,0ecaa5967403d082aa24f35e1b516d23)
Start importing Assets/BentBeam.unity using Guid(391c8d64d0759420787a33bb5e08054b) Importer(2089858483,0ecaa5967403d082aa24f35e1b516d23)  -> (artifact id: '5978918f684a931039bb59519c98a525') in 0.001317 seconds 
========================================================================
Received Import Request.
  Time since last request: 0.000032 seconds.
  path: Assets/Samples/XR Interaction Toolkit/2.2.0/Starter Assets/Prefabs/Complete XR Origin Set Up.prefab
  artifactKey: Guid(895f6f3c2d334633b5800312285058d2) Importer(2089858483,0ecaa5967403d082aa24f35e1b516d23)
Start importing Assets/Samples/XR Interaction Toolkit/2.2.0/Starter Assets/Prefabs/Complete XR Origin Set Up.prefab using Guid(895f6f3c2d334633b5800312285058d2) Importer(2089858483,0ecaa5967403d082aa24f35e1b516d23)  -> (artifact id: '83994f8b8f567b0925a345ad3d117573') in 0.042950 seconds 
========================================================================
Received Import Request.
  Time since last request: 36.935728 seconds.
  path: Assets/AdjustDemo.unity
  artifactKey: Guid(e3206cc43fc694b65bd783c94b3ee0d4) Importer(815301076,1909f56bfc062723c751e8b465ee728b)
Start importing Assets/AdjustDemo.unity using Guid(e3206cc43fc694b65bd783c94b3ee0d4) Importer(815301076,1909f56bfc062723c751e8b465ee728b)  -> (artifact id: '29d03f56aa70212f6d85d0ee65dfd92c') in 0.001808 seconds 
========================================================================
Received Prepare
Refreshing native plugins compatible for Editor in 2.64 ms, found 3 plugins.
Preloading 1 native plugins for Editor in 0.19 ms.
Unloading 14 Unused Serialized files (Serialized files now loaded: 0)
Unloading 14 unused Assets / (66.7 KB). Loaded Objects now: 2796.
Memory consumption went from 75.5 MB to 75.5 MB.
Total: 2.524917 ms (FindLiveObjects: 0.082333 ms CreateObjectMapping: 0.035792 ms MarkObjects: 2.363417 ms  DeleteObjects: 0.042958 ms)

AssetImportParameters requested are different than current active one (requested -> active):
  custom:video-decoder-ogg-theora: a1e56fd34408186e4bbccfd4996cb3dc -> 
  custom:container-muxer-webm: aa71ff27fc2769a1b78a27578f13a17b -> 
  custom:container-demuxer-webm: 4f35f7cbe854078d1ac9338744f61a02 -> 
  custom:video-encoder-webm-vp8: eb34c28f22e8b96e1ab97ce403110664 -> 
  custom:framework-osx-AVFoundation: e770b220cccbd017edd2c1fefb359320 -> 
  custom:audio-encoder-webm-vorbis: bf7c407c2cedff20999df2af8eb42d56 -> 
  custom:SearchIndexIgnoredProperties: e643bd26f0fe6173181afceb89e7c659 -> 
  custom:container-demuxer-ogg: 62fdf1f143b41e24485cea50d1cbac27 -> 
  custom:video-decoder-webm-vp8: 9c59270c3fd7afecdb556c50c9e8de78 -> 
  custom:audio-decoder-ogg-vorbis: bf7c407c2cedff20999df2af8eb42d56 -> 
========================================================================
Received Prepare
Registering precompiled user dll's ...
Registered in 0.001041 seconds.
Begin MonoManager ReloadAssembly
Thread 0x290dbb000 may have been prematurely finalized
Native extension for Android target not found
Native extension for OSXStandalone target not found
Refreshing native plugins compatible for Editor in 0.37 ms, found 3 plugins.
Preloading 1 native plugins for Editor in 0.22 ms.
Mono: successfully reloaded assembly
- Completed reload, in  0.527 seconds
Domain Reload Profiling:
	ReloadAssembly (527ms)
		BeginReloadAssembly (78ms)
			ExecutionOrderSort (0ms)
			DisableScriptedObjects (2ms)
			BackupInstance (0ms)
			ReleaseScriptingObjects (0ms)
			CreateAndSetChildDomain (28ms)
		EndReloadAssembly (401ms)
			LoadAssemblies (35ms)
			RebuildTransferFunctionScriptingTraits (0ms)
			SetupTypeCache (130ms)
			ReleaseScriptCaches (1ms)
			RebuildScriptCaches (24ms)
			SetupLoadedEditorAssemblies (153ms)
				LogAssemblyErrors (0ms)
				InitializePlatformSupportModulesInManaged (8ms)
				SetLoadedEditorAssemblies (0ms)
				RefreshPlugins (1ms)
				BeforeProcessingInitializeOnLoad (25ms)
				ProcessInitializeOnLoadAttributes (109ms)
				ProcessInitializeOnLoadMethodAttributes (9ms)
				AfterProcessingInitializeOnLoad (1ms)
				EditorAssembliesLoaded (0ms)
			ExecutionOrderSort2 (0ms)
			AwakeInstancesAfterBackupRestoration (2ms)
Platform modules already initialized, skipping
Refreshing native plugins compatible for Editor in 0.63 ms, found 3 plugins.
Preloading 1 native plugins for Editor in 0.19 ms.
Unloading 2278 Unused Serialized files (Serialized files now loaded: 0)
Unloading 14 unused Assets / (66.6 KB). Loaded Objects now: 2800.
Memory consumption went from 120.5 MB to 120.4 MB.
Total: 2.398250 ms (FindLiveObjects: 0.095334 ms CreateObjectMapping: 0.031709 ms MarkObjects: 2.209209 ms  DeleteObjects: 0.061458 ms)

AssetImportParameters requested are different than current active one (requested -> active):
  custom:video-decoder-ogg-theora: a1e56fd34408186e4bbccfd4996cb3dc -> 
  custom:container-muxer-webm: aa71ff27fc2769a1b78a27578f13a17b -> 
  custom:container-demuxer-webm: 4f35f7cbe854078d1ac9338744f61a02 -> 
  custom:video-encoder-webm-vp8: eb34c28f22e8b96e1ab97ce403110664 -> 
  custom:framework-osx-AVFoundation: e770b220cccbd017edd2c1fefb359320 -> 
  custom:audio-encoder-webm-vorbis: bf7c407c2cedff20999df2af8eb42d56 -> 
  custom:SearchIndexIgnoredProperties: e643bd26f0fe6173181afceb89e7c659 -> 
  custom:container-demuxer-ogg: 62fdf1f143b41e24485cea50d1cbac27 -> 
  custom:video-decoder-webm-vp8: 9c59270c3fd7afecdb556c50c9e8de78 -> 
  custom:audio-decoder-ogg-vorbis: bf7c407c2cedff20999df2af8eb42d56 -> 
========================================================================
Received Prepare
Registering precompiled user dll's ...
Registered in 0.001232 seconds.
Begin MonoManager ReloadAssembly
Thread 0x16de17000 may have been prematurely finalized
Native extension for Android target not found
Native extension for OSXStandalone target not found
Refreshing native plugins compatible for Editor in 0.37 ms, found 3 plugins.
Preloading 1 native plugins for Editor in 0.22 ms.
Mono: successfully reloaded assembly
- Completed reload, in  0.534 seconds
Domain Reload Profiling:
	ReloadAssembly (534ms)
		BeginReloadAssembly (86ms)
			ExecutionOrderSort (0ms)
			DisableScriptedObjects (3ms)
			BackupInstance (0ms)
			ReleaseScriptingObjects (0ms)
			CreateAndSetChildDomain (35ms)
		EndReloadAssembly (400ms)
			LoadAssemblies (32ms)
			RebuildTransferFunctionScriptingTraits (0ms)
			SetupTypeCache (133ms)
			ReleaseScriptCaches (1ms)
			RebuildScriptCaches (24ms)
			SetupLoadedEditorAssemblies (155ms)
				LogAssemblyErrors (0ms)
				InitializePlatformSupportModulesInManaged (9ms)
				SetLoadedEditorAssemblies (0ms)
				RefreshPlugins (1ms)
				BeforeProcessingInitializeOnLoad (26ms)
				ProcessInitializeOnLoadAttributes (111ms)
				ProcessInitializeOnLoadMethodAttributes (8ms)
				AfterProcessingInitializeOnLoad (1ms)
				EditorAssembliesLoaded (0ms)
			ExecutionOrderSort2 (0ms)
			AwakeInstancesAfterBackupRestoration (2ms)
Platform modules already initialized, skipping
Refreshing native plugins compatible for Editor in 0.67 ms, found 3 plugins.
Preloading 1 native plugins for Editor in 0.19 ms.
Unloading 2278 Unused Serialized files (Serialized files now loaded: 0)
Unloading 14 unused Assets / (66.8 KB). Loaded Objects now: 2804.
Memory consumption went from 120.5 MB to 120.5 MB.
Total: 2.304709 ms (FindLiveObjects: 0.095916 ms CreateObjectMapping: 0.031000 ms MarkObjects: 2.116000 ms  DeleteObjects: 0.061709 ms)

AssetImportParameters requested are different than current active one (requested -> active):
  custom:video-decoder-ogg-theora: a1e56fd34408186e4bbccfd4996cb3dc -> 
  custom:container-muxer-webm: aa71ff27fc2769a1b78a27578f13a17b -> 
  custom:container-demuxer-webm: 4f35f7cbe854078d1ac9338744f61a02 -> 
  custom:video-encoder-webm-vp8: eb34c28f22e8b96e1ab97ce403110664 -> 
  custom:framework-osx-AVFoundation: e770b220cccbd017edd2c1fefb359320 -> 
  custom:audio-encoder-webm-vorbis: bf7c407c2cedff20999df2af8eb42d56 -> 
  custom:SearchIndexIgnoredProperties: e643bd26f0fe6173181afceb89e7c659 -> 
  custom:container-demuxer-ogg: 62fdf1f143b41e24485cea50d1cbac27 -> 
  custom:video-decoder-webm-vp8: 9c59270c3fd7afecdb556c50c9e8de78 -> 
  custom:audio-decoder-ogg-vorbis: bf7c407c2cedff20999df2af8eb42d56 -> 
========================================================================
Received Prepare
Registering precompiled user dll's ...
Registered in 0.001300 seconds.
Begin MonoManager ReloadAssembly
Thread 0x16d6fb000 may have been prematurely finalized
Native extension for Android target not found
Native extension for OSXStandalone target not found
Refreshing native plugins compatible for Editor in 0.34 ms, found 3 plugins.
Preloading 1 native plugins for Editor in 0.19 ms.
Mono: successfully reloaded assembly
- Completed reload, in  0.496 seconds
Domain Reload Profiling:
	ReloadAssembly (496ms)
		BeginReloadAssembly (67ms)
			ExecutionOrderSort (0ms)
			DisableScriptedObjects (2ms)
			BackupInstance (0ms)
			ReleaseScriptingObjects (0ms)
			CreateAndSetChildDomain (24ms)
		EndReloadAssembly (381ms)
			LoadAssemblies (26ms)
			RebuildTransferFunctionScriptingTraits (0ms)
			SetupTypeCache (130ms)
			ReleaseScriptCaches (1ms)
			RebuildScriptCaches (24ms)
			SetupLoadedEditorAssemblies (145ms)
				LogAssemblyErrors (0ms)
				InitializePlatformSupportModulesInManaged (7ms)
				SetLoadedEditorAssemblies (0ms)
				RefreshPlugins (1ms)
				BeforeProcessingInitializeOnLoad (23ms)
				ProcessInitializeOnLoadAttributes (105ms)
				ProcessInitializeOnLoadMethodAttributes (8ms)
				AfterProcessingInitializeOnLoad (1ms)
				EditorAssembliesLoaded (0ms)
			ExecutionOrderSort2 (0ms)
			AwakeInstancesAfterBackupRestoration (2ms)
Platform modules already initialized, skipping
Refreshing native plugins compatible for Editor in 0.57 ms, found 3 plugins.
Preloading 1 native plugins for Editor in 0.19 ms.
Unloading 2278 Unused Serialized files (Serialized files now loaded: 0)
Unloading 14 unused Assets / (66.6 KB). Loaded Objects now: 2808.
Memory consumption went from 120.5 MB to 120.5 MB.
Total: 2.172167 ms (FindLiveObjects: 0.081083 ms CreateObjectMapping: 0.029750 ms MarkObjects: 2.003083 ms  DeleteObjects: 0.057917 ms)

AssetImportParameters requested are different than current active one (requested -> active):
  custom:video-decoder-ogg-theora: a1e56fd34408186e4bbccfd4996cb3dc -> 
  custom:container-muxer-webm: aa71ff27fc2769a1b78a27578f13a17b -> 
  custom:container-demuxer-webm: 4f35f7cbe854078d1ac9338744f61a02 -> 
  custom:video-encoder-webm-vp8: eb34c28f22e8b96e1ab97ce403110664 -> 
  custom:framework-osx-AVFoundation: e770b220cccbd017edd2c1fefb359320 -> 
  custom:audio-encoder-webm-vorbis: bf7c407c2cedff20999df2af8eb42d56 -> 
  custom:SearchIndexIgnoredProperties: e643bd26f0fe6173181afceb89e7c659 -> 
  custom:container-demuxer-ogg: 62fdf1f143b41e24485cea50d1cbac27 -> 
  custom:video-decoder-webm-vp8: 9c59270c3fd7afecdb556c50c9e8de78 -> 
  custom:audio-decoder-ogg-vorbis: bf7c407c2cedff20999df2af8eb42d56 -> 
========================================================================
Received Prepare
Registering precompiled user dll's ...
Registered in 0.001066 seconds.
Begin MonoManager ReloadAssembly
Thread 0x16d6fb000 may have been prematurely finalized
Native extension for Android target not found
Native extension for OSXStandalone target not found
Refreshing native plugins compatible for Editor in 0.36 ms, found 3 plugins.
Preloading 1 native plugins for Editor in 0.24 ms.
Mono: successfully reloaded assembly
- Completed reload, in  0.523 seconds
Domain Reload Profiling:
	ReloadAssembly (523ms)
		BeginReloadAssembly (70ms)
			ExecutionOrderSort (0ms)
			DisableScriptedObjects (2ms)
			BackupInstance (0ms)
			ReleaseScriptingObjects (0ms)
			CreateAndSetChildDomain (25ms)
		EndReloadAssembly (404ms)
			LoadAssemblies (30ms)
			RebuildTransferFunctionScriptingTraits (0ms)
			SetupTypeCache (128ms)
			ReleaseScriptCaches (1ms)
			RebuildScriptCaches (26ms)
			SetupLoadedEditorAssemblies (160ms)
				LogAssemblyErrors (0ms)
				InitializePlatformSupportModulesInManaged (8ms)
				SetLoadedEditorAssemblies (0ms)
				RefreshPlugins (1ms)
				BeforeProcessingInitializeOnLoad (26ms)
				ProcessInitializeOnLoadAttributes (115ms)
				ProcessInitializeOnLoadMethodAttributes (9ms)
				AfterProcessingInitializeOnLoad (1ms)
				EditorAssembliesLoaded (0ms)
			ExecutionOrderSort2 (0ms)
			AwakeInstancesAfterBackupRestoration (2ms)
Platform modules already initialized, skipping
Refreshing native plugins compatible for Editor in 0.70 ms, found 3 plugins.
Preloading 1 native plugins for Editor in 0.22 ms.
Unloading 2278 Unused Serialized files (Serialized files now loaded: 0)
Unloading 14 unused Assets / (66.7 KB). Loaded Objects now: 2812.
Memory consumption went from 120.5 MB to 120.5 MB.
Total: 2.257500 ms (FindLiveObjects: 0.094583 ms CreateObjectMapping: 0.032667 ms MarkObjects: 2.071834 ms  DeleteObjects: 0.058167 ms)

AssetImportParameters requested are different than current active one (requested -> active):
  custom:video-decoder-ogg-theora: a1e56fd34408186e4bbccfd4996cb3dc -> 
  custom:container-muxer-webm: aa71ff27fc2769a1b78a27578f13a17b -> 
  custom:container-demuxer-webm: 4f35f7cbe854078d1ac9338744f61a02 -> 
  custom:video-encoder-webm-vp8: eb34c28f22e8b96e1ab97ce403110664 -> 
  custom:framework-osx-AVFoundation: e770b220cccbd017edd2c1fefb359320 -> 
  custom:audio-encoder-webm-vorbis: bf7c407c2cedff20999df2af8eb42d56 -> 
  custom:SearchIndexIgnoredProperties: e643bd26f0fe6173181afceb89e7c659 -> 
  custom:container-demuxer-ogg: 62fdf1f143b41e24485cea50d1cbac27 -> 
  custom:video-decoder-webm-vp8: 9c59270c3fd7afecdb556c50c9e8de78 -> 
  custom:audio-decoder-ogg-vorbis: bf7c407c2cedff20999df2af8eb42d56 -> 
